Data points: 225
Avg difficulty: 4.662
Min difficulty: 1
Max difficulty: 9

2353784356312462639925424
3574658646434678935552434
.235744655789754345654233
9944215235446785355453638
3629363235784531347863558
3425935335311135689965632
3467876555667893321141643
2592453464313464346498243
9332235678986432346753452

2353784356312462639925424
3574658646434678935552434
..35744655789754345654233
9944215235446785355453638
3629363235784531347863558
3425935335311135689965632
3467876555667893321141643
2592453464313464346498243
9332235678986432346753452

2353784356312462639925424
3574658646434678935552434
...5744655789754345654233
9944215235446785355453638
3629363235784531347863558
3425935335311135689965632
3467876555667893321141643
2592453464313464346498243
9332235678986432346753452

2353784356312462639925424
3574658646434678935552434
...5744655789754345654233
99.4215235446785355453638
3629363235784531347863558
3425935335311135689965632
3467876555667893321141643
2592453464313464346498243
9332235678986432346753452

2353784356312462639925424
3574658646434678935552434
...5744655789754345654233
99.4215235446785355453638
36.9363235784531347863558
3425935335311135689965632
3467876555667893321141643
2592453464313464346498243
9332235678986432346753452

2353784356312462639925424
3574658646434678935552434
...5744655789754345654233
99.4215235446785355453638
36.9363235784531347863558
34.5935335311135689965632
3467876555667893321141643
2592453464313464346498243
9332235678986432346753452

2353784356312462639925424
3574658646434678935552434
...5744655789754345654233
99.4215235446785355453638
36.9363235784531347863558
3..5935335311135689965632
3467876555667893321141643
2592453464313464346498243
9332235678986432346753452

2353784356312462639925424
3574658646434678935552434
...5744655789754345654233
99.4215235446785355453638
36.9363235784531347863558
...5935335311135689965632
3467876555667893321141643
2592453464313464346498243
9332235678986432346753452

2353784356312462639925424
3574658646434678935552434
...5744655789754345654233
99.4215235446785355453638
36.9363235784531347863558
...5935335311135689965632
.467876555667893321141643
2592453464313464346498243
9332235678986432346753452

2353784356312462639925424
3574658646434678935552434
...5744655789754345654233
99.4215235446785355453638
36.9363235784531347863558
...5935335311135689965632
.467876555667893321141643
.592453464313464346498243
9332235678986432346753452

2353784356312462639925424
3574658646434678935552434
...5744655789754345654233
99.4215235446785355453638
36.9363235784531347863558
...5935335311135689965632
.467876555667893321141643
..92453464313464346498243
9332235678986432346753452

2353784356312462639925424
3574658646434678935552434
...5744655789754345654233
99.4215235446785355453638
36.9363235784531347863558
...5935335311135689965632
.467876555667893321141643
..92453464313464346498243
9.32235678986432346753452

2353784356312462639925424
3574658646434678935552434
...5744655789754345654233
99.4215235446785355453638
36.9363235784531347863558
...5935335311135689965632
.467876555667893321141643
..92453464313464346498243
9..2235678986432346753452

2353784356312462639925424
3574658646434678935552434
...5744655789754345654233
99.4215235446785355453638
36.9363235784531347863558
...5935335311135689965632
.467876555667893321141643
..92453464313464346498243
9...235678986432346753452

2353784356312462639925424
3574658646434678935552434
...5744655789754345654233
99.4215235446785355453638
36.9363235784531347863558
...5935335311135689965632
.467876555667893321141643
..92453464313464346498243
9....35678986432346753452

2353784356312462639925424
3574658646434678935552434
...5744655789754345654233
99.4215235446785355453638
36.9363235784531347863558
...5935335311135689965632
.467876555667893321141643
..92453464313464346498243
9.....5678986432346753452

2353784356312462639925424
3574658646434678935552434
...5744655789754345654233
99.4215235446785355453638
36.9363235784531347863558
...5935335311135689965632
.467876555667893321141643
..92453464313464346498243
9......678986432346753452

2353784356312462639925424
3574658646434678935552434
...5744655789754345654233
99.4215235446785355453638
36.9363235784531347863558
...5935335311135689965632
.467876555667893321141643
..9245.464313464346498243
9......678986432346753452

2353784356312462639925424
3574658646434678935552434
...5744655789754345654233
99.4215235446785355453638
36.9363235784531347863558
...5935335311135689965632
.467876555667893321141643
..9245..64313464346498243
9......678986432346753452

2353784356312462639925424
3574658646434678935552434
...5744655789754345654233
99.4215235446785355453638
36.9363235784531347863558
...5935335311135689965632
.467876.55667893321141643
..9245..64313464346498243
9......678986432346753452

2353784356312462639925424
3574658646434678935552434
...5744655789754345654233
99.4215235446785355453638
36.9363235784531347863558
...5935.35311135689965632
.467876.55667893321141643
..9245..64313464346498243
9......678986432346753452

2353784356312462639925424
3574658646434678935552434
...5744655789754345654233
99.4215235446785355453638
36.9363.35784531347863558
...5935.35311135689965632
.467876.55667893321141643
..9245..64313464346498243
9......678986432346753452

2353784356312462639925424
3574658646434678935552434
...5744655789754345654233
99.4215.35446785355453638
36.9363.35784531347863558
...5935.35311135689965632
.467876.55667893321141643
..9245..64313464346498243
9......678986432346753452

2353784356312462639925424
3574658646434678935552434
...5744655789754345654233
99.4215..5446785355453638
36.9363.35784531347863558
...5935.35311135689965632
.467876.55667893321141643
..9245..64313464346498243
9......678986432346753452

2353784356312462639925424
3574658646434678935552434
...5744655789754345654233
99.4215..5446785355453638
36.9363..5784531347863558
...5935.35311135689965632
.467876.55667893321141643
..9245..64313464346498243
9......678986432346753452

2353784356312462639925424
3574658646434678935552434
...5744655789754345654233
99.4215..5446785355453638
36.9363..5784531347863558
...5935..5311135689965632
.467876.55667893321141643
..9245..64313464346498243
9......678986432346753452

2353784356312462639925424
3574658646434678935552434
...5744655789754345654233
99.4215..5446785355453638
36.9363..5784531347863558
...5935...311135689965632
.467876.55667893321141643
..9245..64313464346498243
9......678986432346753452

2353784356312462639925424
3574658646434678935552434
...5744655789754345654233
99.4215..5446785355453638
36.9363..5784531347863558
...5935....11135689965632
.467876.55667893321141643
..9245..64313464346498243
9......678986432346753452

2353784356312462639925424
3574658646434678935552434
...5744655789754345654233
99.4215..5446785355453638
36.9363..5784531347863558
...5935.....1135689965632
.467876.55667893321141643
..9245..64313464346498243
9......678986432346753452

2353784356312462639925424
3574658646434678935552434
...5744655789754345654233
99.4215..5446785355453638
36.9363..5784531347863558
...5935......135689965632
.467876.55667893321141643
..9245..64313464346498243
9......678986432346753452

2353784356312462639925424
3574658646434678935552434
...5744655789754345654233
99.4215..5446785355453638
36.9363..5784531347863558
...5935.......35689965632
.467876.55667893321141643
..9245..64313464346498243
9......678986432346753452

2353784356312462639925424
3574658646434678935552434
...5744655789754345654233
99.4215..5446785355453638
36.9363..5784531347863558
...5935........5689965632
.467876.55667893321141643
..9245..64313464346498243
9......678986432346753452

2353784356312462639925424
3574658646434678935552434
...5744655789754345654233
99.4215..5446785355453638
36.9363..57845.1347863558
...5935........5689965632
.467876.55667893321141643
..9245..64313464346498243
9......678986432346753452

2353784356312462639925424
3574658646434678935552434
...5744655789754345654233
99.4215..5446785355453638
36.9363..57845..347863558
...5935........5689965632
.467876.55667893321141643
..9245..64313464346498243
9......678986432346753452

2353784356312462639925424
3574658646434678935552434
...5744655789754345654233
99.4215..5446785355453638
36.9363..57845...47863558
...5935........5689965632
.467876.55667893321141643
..9245..64313464346498243
9......678986432346753452

2353784356312462639925424
3574658646434678935552434
...5744655789754345654233
99.4215..5446785.55453638
36.9363..57845...47863558
...5935........5689965632
.467876.55667893321141643
..9245..64313464346498243
9......678986432346753452

2353784356312462639925424
3574658646434678935552434
...5744655789754.45654233
99.4215..5446785.55453638
36.9363..57845...47863558
...5935........5689965632
.467876.55667893321141643
..9245..64313464346498243
9......678986432346753452

2353784356312462639925424
3574658646434678935552434
...5744655789754..5654233
99.4215..5446785.55453638
36.9363..57845...47863558
...5935........5689965632
.467876.55667893321141643
..9245..64313464346498243
9......678986432346753452

2353784356312462639925424
35746586464346789.5552434
...5744655789754..5654233
99.4215..5446785.55453638
36.9363..57845...47863558
...5935........5689965632
.467876.55667893321141643
..9245..64313464346498243
9......678986432346753452

23537843563124626.9925424
35746586464346789.5552434
...5744655789754..5654233
99.4215..5446785.55453638
36.9363..57845...47863558
...5935........5689965632
.467876.55667893321141643
..9245..64313464346498243
9......678986432346753452

2353784356312462..9925424
35746586464346789.5552434
...5744655789754..5654233
99.4215..5446785.55453638
36.9363..57845...47863558
...5935........5689965632
.467876.55667893321141643
..9245..64313464346498243
9......678986432346753452

235378435631246...9925424
35746586464346789.5552434
...5744655789754..5654233
99.4215..5446785.55453638
36.9363..57845...47863558
...5935........5689965632
.467876.55667893321141643
..9245..64313464346498243
9......678986432346753452

23537843563124....9925424
35746586464346789.5552434
...5744655789754..5654233
99.4215..5446785.55453638
36.9363..57845...47863558
...5935........5689965632
.467876.55667893321141643
..9245..64313464346498243
9......678986432346753452

2353784356312.....9925424
35746586464346789.5552434
...5744655789754..5654233
99.4215..5446785.55453638
36.9363..57845...47863558
...5935........5689965632
.467876.55667893321141643
..9245..64313464346498243
9......678986432346753452

235378435631......9925424
35746586464346789.5552434
...5744655789754..5654233
99.4215..5446785.55453638
36.9363..57845...47863558
...5935........5689965632
.467876.55667893321141643
..9245..64313464346498243
9......678986432346753452

23537843563.......9925424
35746586464346789.5552434
...5744655789754..5654233
99.4215..5446785.55453638
36.9363..57845...47863558
...5935........5689965632
.467876.55667893321141643
..9245..64313464346498243
9......678986432346753452

23537843563.......9925424
35746586464.46789.5552434
...5744655789754..5654233
99.4215..5446785.55453638
36.9363..57845...47863558
...5935........5689965632
.467876.55667893321141643
..9245..64313464346498243
9......678986432346753452

23537843563.......9925424
35746586464..6789.5552434
...5744655789754..5654233
99.4215..5446785.55453638
36.9363..57845...47863558
...5935........5689965632
.467876.55667893321141643
..9245..64313464346498243
9......678986432346753452

23537843563.......9925424
35746586464...789.5552434
...5744655789754..5654233
99.4215..5446785.55453638
36.9363..57845...47863558
...5935........5689965632
.467876.55667893321141643
..9245..64313464346498243
9......678986432346753452

23537843563.......9925424
35746586464....89.5552434
...5744655789754..5654233
99.4215..5446785.55453638
36.9363..57845...47863558
...5935........5689965632
.467876.55667893321141643
..9245..64313464346498243
9......678986432346753452

23537843563.......9925424
35746586464....89.5552434
...57446557897.4..5654233
99.4215..5446785.55453638
36.9363..57845...47863558
...5935........5689965632
.467876.55667893321141643
..9245..64313464346498243
9......678986432346753452

23537843563.......9925424
35746586464....89.5552434
...57446557897....5654233
99.4215..5446785.55453638
36.9363..57845...47863558
...5935........5689965632
.467876.55667893321141643
..9245..64313464346498243
9......678986432346753452

23537843563.......9925424
35746586464....89.5552434
...57446557897....5654233
99.4215..544678..55453638
36.9363..57845...47863558
...5935........5689965632
.467876.55667893321141643
..9245..64313464346498243
9......678986432346753452

23537843563.......9925424
35746586464....89.5552434
...57446557897....5654233
99.4215..54467...55453638
36.9363..57845...47863558
...5935........5689965632
.467876.55667893321141643
..9245..64313464346498243
9......678986432346753452

23537843563.......9925424
35746586464....89.5552434
...57446557897....5654233
99.4215..5446....55453638
36.9363..57845...47863558
...5935........5689965632
.467876.55667893321141643
..9245..64313464346498243
9......678986432346753452

23537843563.......9925424
35746586464....89.5552434
...57446557897....5654233
99.4215..5446....55453638
36.9363..5784....47863558
...5935........5689965632
.467876.55667893321141643
..9245..64313464346498243
9......678986432346753452

23537843563.......9925424
35746586464....89.5552434
...57446557897....5654233
99.4215..5446....55453638
36.9363..578.....47863558
...5935........5689965632
.467876.55667893321141643
..9245..64313464346498243
9......678986432346753452

23537843563.......9925424
35746586464....89.5552434
...57446557897....5654233
99.4215..544.....55453638
36.9363..578.....47863558
...5935........5689965632
.467876.55667893321141643
..9245..64313464346498243
9......678986432346753452

23537843563.......9925424
35746586464....89.5552434
...57446557897....5654233
99.4215..54......55453638
36.9363..578.....47863558
...5935........5689965632
.467876.55667893321141643
..9245..64313464346498243
9......678986432346753452

23537843563.......9925424
35746586464....89.5552434
...57446557897....5654233
99.4215..5.......55453638
36.9363..578.....47863558
...5935........5689965632
.467876.55667893321141643
..9245..64313464346498243
9......678986432346753452

23537843563.......9925424
35746586464....89.5552434
...57446557897....5654233
99.4215..........55453638
36.9363..578.....47863558
...5935........5689965632
.467876.55667893321141643
..9245..64313464346498243
9......678986432346753452

23537843563.......9925424
35746586464....89.5552434
...57446557897....5654233
99.4215..........55453638
36.9363...78.....47863558
...5935........5689965632
.467876.55667893321141643
..9245..64313464346498243
9......678986432346753452

23537843563.......9925424
35746586464....89.5552434
...57446557897....5654233
99.4215..........55453638
36.9363....8.....47863558
...5935........5689965632
.467876.55667893321141643
..9245..64313464346498243
9......678986432346753452

23537843563.......9925424
35746586464....89.5552434
...57446557897....5654233
99.4215..........55453638
36.9363..........47863558
...5935........5689965632
.467876.55667893321141643
..9245..64313464346498243
9......678986432346753452

Length = 64
Cost = 234
