Data points: 60
Avg difficulty: 4.733
Min difficulty: 1
Max difficulty: 9

.111999111
1991911199
1191919999
9191911119
1191999919
9991111119

..11999111
1991911199
1191919999
9191911119
1191999919
9991111119

...1999111
1991911199
1191919999
9191911119
1191999919
9991111119

....999111
1991911199
1191919999
9191911119
1191999919
9991111119

....999111
199.911199
1191919999
9191911119
1191999919
9991111119

....999111
199.911199
119.919999
9191911119
1191999919
9991111119

....999111
199.911199
119.919999
919.911119
1191999919
9991111119

....999111
199.911199
119.919999
919.911119
119.999919
9991111119

....999111
199.911199
119.919999
919.911119
119.999919
999.111119

....999111
199.911199
119.919999
919.911119
119.999919
999..11119

....999111
199.911199
119.919999
919.911119
119.999919
999...1119

....999111
199.911199
119.919999
919.911119
119.999919
999....119

....999111
199.911199
119.919999
919.911119
119.999919
999.....19

....999111
199.911199
119.919999
919.911119
119.999919
999......9

....999111
199.911199
119.919999
919.911119
119.9999.9
999......9

....999111
199.911199
119.919999
919.9111.9
119.9999.9
999......9

....999111
199.911199
119.919999
919.911..9
119.9999.9
999......9

....999111
199.911199
119.919999
919.91...9
119.9999.9
999......9

....999111
199.911199
119.919999
919.9....9
119.9999.9
999......9

....999111
199.911199
119.9.9999
919.9....9
119.9999.9
999......9

....999111
199.9.1199
119.9.9999
919.9....9
119.9999.9
999......9

....999111
199.9..199
119.9.9999
919.9....9
119.9999.9
999......9

....999111
199.9...99
119.9.9999
919.9....9
119.9999.9
999......9

....999.11
199.9...99
119.9.9999
919.9....9
119.9999.9
999......9

....999..1
199.9...99
119.9.9999
919.9....9
119.9999.9
999......9

....999...
199.9...99
119.9.9999
919.9....9
119.9999.9
999......9

Length = 26
Cost = 26
