Data points: 60
Avg difficulty: 4.733
Min difficulty: 1
Max difficulty: 9

1111999111
1991911199
1191919999
9191911119
.191999919
9991111119

1111999111
1991911199
1191919999
9191911119
..91999919
9991111119

1111999111
1991911199
1191919999
9.91911119
..91999919
9991111119

1111999111
1991911199
1.91919999
9.91911119
..91999919
9991111119

1111999111
1991911199
..91919999
9.91911119
..91999919
9991111119

1111999111
.991911199
..91919999
9.91911119
..91999919
9991111119

.111999111
.991911199
..91919999
9.91911119
..91999919
9991111119

..11999111
.991911199
..91919999
9.91911119
..91999919
9991111119

...1999111
.991911199
..91919999
9.91911119
..91999919
9991111119

....999111
.991911199
..91919999
9.91911119
..91999919
9991111119

....999111
.99.911199
..91919999
9.91911119
..91999919
9991111119

....999111
.99.911199
..9.919999
9.91911119
..91999919
9991111119

....999111
.99.911199
..9.919999
9.9.911119
..91999919
9991111119

....999111
.99.911199
..9.919999
9.9.911119
..9.999919
9991111119

....999111
.99.911199
..9.919999
9.9.911119
..9.999919
999.111119

....999111
.99.911199
..9.919999
9.9.911119
..9.999919
999..11119

....999111
.99.911199
..9.919999
9.9.911119
..9.999919
999...1119

....999111
.99.911199
..9.919999
9.9.911119
..9.999919
999....119

....999111
.99.911199
..9.919999
9.9.911119
..9.999919
999.....19

....999111
.99.911199
..9.919999
9.9.911119
..9.999919
999......9

....999111
.99.911199
..9.919999
9.9.911119
..9.9999.9
999......9

....999111
.99.911199
..9.919999
9.9.9111.9
..9.9999.9
999......9

....999111
.99.911199
..9.919999
9.9.911..9
..9.9999.9
999......9

....999111
.99.911199
..9.919999
9.9.91...9
..9.9999.9
999......9

....999111
.99.911199
..9.919999
9.9.9....9
..9.9999.9
999......9

....999111
.99.911199
..9.9.9999
9.9.9....9
..9.9999.9
999......9

....999111
.99.9.1199
..9.9.9999
9.9.9....9
..9.9999.9
999......9

....999111
.99.9..199
..9.9.9999
9.9.9....9
..9.9999.9
999......9

....999111
.99.9...99
..9.9.9999
9.9.9....9
..9.9999.9
999......9

....999.11
.99.9...99
..9.9.9999
9.9.9....9
..9.9999.9
999......9

....999..1
.99.9...99
..9.9.9999
9.9.9....9
..9.9999.9
999......9

....999...
.99.9...99
..9.9.9999
9.9.9....9
..9.9999.9
999......9

Length = 32
Cost = 32
