Data points: 40
Avg difficulty: 6.025
Min difficulty: 1
Max difficulty: 9

98594489
98552984
34543989
88351144
.4876589

98594489
98552984
34543989
88351144
..876589

98594489
98552984
34543989
88351144
...76589

98594489
98552984
34543989
88.51144
...76589

98594489
98552984
34543989
88..1144
...76589

98594489
98552984
34543989
88...144
...76589

98594489
98552984
34543989
88....44
...76589

98594489
98552984
34543989
88.....4
...76589

98594489
98552984
34543989
88......
...76589

Length = 9
Cost = 39
