Data points: 40
Avg difficulty: 6.025
Min difficulty: 1
Max difficulty: 9

.8594489
98552984
34543989
88351144
94876589

..594489
98552984
34543989
88351144
94876589

...94489
98552984
34543989
88351144
94876589

...94489
98.52984
34543989
88351144
94876589

...94489
98..2984
34543989
88351144
94876589

...94489
98...984
34543989
88351144
94876589

...94489
98...984
3454.989
88351144
94876589

...94489
98...984
3454.989
8835.144
94876589

...94489
98...984
3454.989
8835..44
94876589

...94489
98...984
3454.989
8835...4
94876589

...94489
98...984
3454.989
8835....
94876589

Length = 11
Cost = 47
