Data points: 40
Avg difficulty: 6.025
Min difficulty: 1
Max difficulty: 9

98594489
98552984
.4543989
88351144
94876589

98594489
98552984
..543989
88351144
94876589

98594489
98552984
...43989
88351144
94876589

98594489
98552984
...43989
88.51144
94876589

98594489
98552984
...43989
88..1144
94876589

98594489
98552984
...43989
88...144
94876589

98594489
98552984
...43989
88....44
94876589

98594489
98552984
...43989
88.....4
94876589

98594489
98552984
...43989
88......
94876589

Length = 9
Cost = 30
